<?xml version="1.0" encoding="UTF-8"?>
<!-- Generated by org.testng.reporters.JUnitReportReporter -->
<testsuite skipped="0" hostname="manmany-a01.vmware.com" name="com.man.test.TestDemo" tests="1" failures="0" timestamp="07 Aug 2018 10:14:49 GMT" time="3.195" errors="0">
  <testcase name="TestDemo" time="3.195" classname="com.man.test.TestDemo"/>
</testsuite> <!-- com.man.test.TestDemo -->
